app/mapping.txt
com.bill.hotfixdemo.App -> jk:
    com.bill.hotfixdemo.App sInstance -> a
    void <init>() -> <init>
    void onCreate() -> onCreate
com.bill.hotfixdemo.MainActivity -> com.bill.hotfixdemo.MainActivity:
    com.bill.hotfixdemo.ui.SimpleAdapter mAdapter -> j
    void <init>() -> <init>
    void onCreate(android.os.Bundle) -> onCreate
    void initUI() -> k
    void onClick3(android.view.View) -> onClick3
    void onClick4(android.view.View) -> onClick4
    void onClick5(android.view.View) -> onClick5
com.bill.hotfixdemo.SophixStubApplication -> com.bill.hotfixdemo.SophixStubApplication:
    java.lang.String TAG -> a
    void <init>() -> <init>
    void attachBaseContext(android.content.Context) -> attachBaseContext
    void initSophix() -> a
com.bill.hotfixdemo.SophixStubApplication$1 -> com.bill.hotfixdemo.SophixStubApplication$1:
    com.bill.hotfixdemo.SophixStubApplication this$0 -> a
    void <init>(com.bill.hotfixdemo.SophixStubApplication) -> <init>
    void onLoad(int,int,java.lang.String,int) -> onLoad
com.bill.hotfixdemo.SophixStubApplication$RealApplicationStub -> com.bill.hotfixdemo.SophixStubApplication$RealApplicationStub:
    void <init>() -> <init>
com.bill.hotfixdemo.XXManager -> jl:
    com.bill.hotfixdemo.XXManager xXManagerInstance -> a
    void <init>() -> <init>
    com.bill.hotfixdemo.XXManager getInstance() -> a
    java.util.List getBaseModels() -> b
com.bill.hotfixdemo.bean.A -> jm:
    void <init>() -> <init>
    java.lang.String getResult() -> a
com.bill.hotfixdemo.bean.BaseBean -> jn:
    void <init>() -> <init>
    java.lang.String getResult() -> a
com.bill.hotfixdemo.bean.SimpleI -> jo:
    void <init>() -> <init>
    java.lang.String getResult() -> a
    java.lang.String onCreateText() -> b
com.bill.hotfixdemo.bean.SimpleT -> jp:
    com.bill.hotfixdemo.bean.BaseBean mBean -> a
    void <init>(com.bill.hotfixdemo.bean.BaseBean) -> <init>
    com.bill.hotfixdemo.bean.BaseBean getResult() -> a
com.bill.hotfixdemo.model.BaseModel -> jq:
    java.lang.String getTitle() -> a
    java.lang.String getResult() -> b
com.bill.hotfixdemo.model.FinalStaticField1ModelImpl -> jr:
    void <init>() -> <init>
    java.lang.String getTitle() -> a
    java.lang.String getResult() -> b
com.bill.hotfixdemo.model.FinalStaticField2ModelImpl -> js:
    java.lang.Integer TEST -> a
    void <init>() -> <init>
    java.lang.String getTitle() -> a
    java.lang.String getResult() -> b
    void <clinit>() -> <clinit>
com.bill.hotfixdemo.model.FinalStaticField3ModelImpl -> jt:
    java.lang.String TEST -> a
    void <init>() -> <init>
    java.lang.String getTitle() -> a
    java.lang.String getResult() -> b
    void <clinit>() -> <clinit>
com.bill.hotfixdemo.model.FinalStaticFieldModelImpl -> ju:
    void <init>() -> <init>
    java.lang.String getTitle() -> a
    java.lang.String getResult() -> b
com.bill.hotfixdemo.model.ModifyBlock1ModelImpl -> jv:
    java.lang.String TEST -> a
    void <init>() -> <init>
    java.lang.String getTitle() -> a
    java.lang.String getResult() -> b
    void <clinit>() -> <clinit>
com.bill.hotfixdemo.model.ModifyBlockModelImpl -> jw:
    java.lang.String TEST -> a
    void <init>() -> <init>
    java.lang.String getTitle() -> a
    java.lang.String getResult() -> b
    void <clinit>() -> <clinit>
com.bill.hotfixdemo.model.ModifyClass1ModelImpl -> jx:
    void <init>() -> <init>
    java.lang.String getTitle() -> a
    java.lang.String getResult() -> b
    java.lang.String getResult1() -> c
com.bill.hotfixdemo.model.ModifyClass2ModelImpl -> jy:
    void <init>() -> <init>
    java.lang.String getTitle() -> a
    java.lang.String getResult() -> b
com.bill.hotfixdemo.model.ModifyClass3ModelImpl -> jz:
    void <init>() -> <init>
    java.lang.String getTitle() -> a
    java.lang.String getResult() -> b
com.bill.hotfixdemo.model.ModifyClass4ModelImpl -> ka:
    void <init>() -> <init>
    java.lang.String getTitle() -> a
    java.lang.String getResult() -> b
...
com.alibaba.mtl.log.c.a -> com.alibaba.mtl.log.c.a:
    boolean a(java.util.List) -> a
    int a(java.util.List) -> a
    java.util.List a(java.lang.String,int) -> a
    int g() -> g
    void clear() -> clear
    void c(java.lang.String,java.lang.String) -> c
    void e(int) -> e
com.alibaba.mtl.log.c.b -> com.alibaba.mtl.log.c.b:
    java.lang.String aa -> aa
    java.lang.String ab -> ab
    java.lang.String ac -> ac
    com.alibaba.mtl.log.c.b$a a -> a
    void <init>(android.content.Context) -> <init>
    boolean a(java.util.List) -> a
    int a(java.util.List) -> a
    java.util.ArrayList a(java.lang.String,int) -> a
    int g() -> g
    void clear() -> clear
    void c(java.lang.String,java.lang.String) -> c
    void e(int) -> e
    void a(android.database.Cursor) -> a
    java.util.List a(java.lang.String,int) -> a
    void a(com.alibaba.mtl.log.c.b,android.database.Cursor) -> a
com.alibaba.mtl.log.c.b$a -> com.alibaba.mtl.log.c.b$a:
    java.util.concurrent.atomic.AtomicInteger e -> e
    android.database.sqlite.SQLiteDatabase a -> a
    com.alibaba.mtl.log.c.b a -> a
    void <init>(com.alibaba.mtl.log.c.b,android.content.Context) -> <init>
    void onOpen(android.database.sqlite.SQLiteDatabase) -> onOpen
    void onCreate(android.database.sqlite.SQLiteDatabase) -> onCreate
    void onUpgrade(android.database.sqlite.SQLiteDatabase,int,int) -> onUpgrade
    android.database.sqlite.SQLiteDatabase getWritableDatabase() -> getWritableDatabase
    void a(android.database.sqlite.SQLiteDatabase) -> a
com.alibaba.mtl.log.c.c -> com.alibaba.mtl.log.c.c:
    com.alibaba.mtl.log.c.c a -> a
    com.alibaba.mtl.log.c.a a -> a
    java.util.List l -> l
    java.lang.Runnable b -> b
    void <init>() -> <init>
    com.alibaba.mtl.log.c.c a() -> a
    void a(com.alibaba.mtl.log.model.a) -> a
    int a(java.util.List) -> a
    java.util.List a(java.lang.String,int) -> a
    void F() -> F
    void clear() -> clear
    void G() -> G
    void H() -> H
    void a(com.alibaba.mtl.log.c.c) -> a
    com.alibaba.mtl.log.c.a a(com.alibaba.mtl.log.c.c) -> a
    void b(com.alibaba.mtl.log.c.c) -> b
com.alibaba.mtl.log.c.c$1 -> com.alibaba.mtl.log.c.c$1:
    com.alibaba.mtl.log.c.c b -> b
    void <init>(com.alibaba.mtl.log.c.c) -> <init>
    void run() -> run
com.alibaba.mtl.log.c.c$a -> com.alibaba.mtl.log.c.c$a:
    com.alibaba.mtl.log.c.c b -> b
    void <init>(com.alibaba.mtl.log.c.c) -> <init>
    void run() -> run
com.alibaba.mtl.log.d.a -> com.alibaba.mtl.log.d.a:
    com.alibaba.mtl.log.d.a a -> a
    long z -> z
    boolean F -> F
    int A -> A
    void <init>() -> <init>
    com.alibaba.mtl.log.d.a a() -> a
    void start() -> start
    void I() -> I
    void stop() -> stop
    long c() -> c
    boolean a(com.alibaba.mtl.log.d.a) -> a
    long a(com.alibaba.mtl.log.d.a) -> a
    void <clinit>() -> <clinit>
com.alibaba.mtl.log.d.a$1 -> com.alibaba.mtl.log.d.a$1:
    com.alibaba.mtl.log.d.a b -> b
    void <init>(com.alibaba.mtl.log.d.a) -> <init>
    void J() -> J
    void K() -> K
com.alibaba.mtl.log.d.b -> com.alibaba.mtl.log.d.b:
    boolean F -> F
    boolean G -> G
    int B -> B
    int A -> A
    float a -> a
    int C -> C
    void <init>() -> <init>
    void run() -> run
    boolean isRunning() -> isRunning
    void L() -> L
    int b(java.util.List) -> b
    int h() -> h
    com.alibaba.mtl.log.e.a$a a(java.lang.String,java.util.Map) -> a
    int a(java.lang.Boolean,long) -> a
    java.util.Map a(java.util.List) -> a
    byte[] a(java.lang.String) -> a
    java.util.List a(com.alibaba.mtl.log.model.a) -> a
    void J() -> J
    void K() -> K
    void <clinit>() -> <clinit>
com.alibaba.mtl.log.e.a -> com.alibaba.mtl.log.e.a:
    com.alibaba.mtl.log.e.a$a a(java.lang.String) -> a
com.alibaba.mtl.log.e.a$a -> com.alibaba.mtl.log.e.a$a:
    boolean H -> H
    java.lang.String ad -> ad
    com.alibaba.mtl.log.e.a$a a -> a
    void <init>() -> <init>
    boolean g() -> g
    boolean h() -> h
    void <clinit>() -> <clinit>